===============================
🕒 2025-10-15 12:13:43
🎯 Selected mood: anxious
===============================
✅ Music recommender completed for mood: anxious
✅ Completed TradeVibe daily generation

===============================
🕒 2025-10-15 12:14:15
🎯 Selected mood: confident
===============================
✅ Music recommender completed for mood: confident
✅ Completed TradeVibe daily generation

===============================
🕒 2025-10-15 12:20:47
🎯 Selected mood: focused
===============================
✅ Music recommender completed for mood: focused
✅ Completed TradeVibe daily generation

===============================
🕒 2025-10-16 08:25:27
🎯 Selected mood: happy
===============================
✅ Music recommender completed for mood: happy
✅ Completed TradeVibe daily generation

