2025-10-15 12:13:46,662 - INFO - 🎵 YouTube key loaded: True
2025-10-15 12:13:46,663 - INFO - 🎵 Spotify credentials loaded: True
2025-10-15 12:13:46,663 - INFO - 🎧 Fetching music for mood: anxious
2025-10-15 12:13:47,337 - INFO - ✅ YouTube results for mood 'anxious': 5 items.
2025-10-15 12:13:47,621 - INFO - ✅ Spotify token retrieved successfully.
2025-10-15 12:13:48,199 - ERROR - ❌ Spotify API error: Traceback (most recent call last):
  File "/home/nexus/projects/tradevibe-org/insight_engine/music_recommender_v3.py", line 85, in search_spotify
    {"name": p["name"], "url": p["external_urls"]["spotify"]}
             ~^^^^^^^^
TypeError: 'NoneType' object is not subscriptable

2025-10-15 12:13:48,200 - INFO - 💾 Saved playlist to: /home/nexus/projects/tradevibe-org/insight_engine/output/daily_vibes/music_anxious_2025-10-15.json
2025-10-15 12:13:48,200 - INFO - ✅ Music recommender completed successfully.
2025-10-15 12:14:22,644 - INFO - 🎵 YouTube key loaded: True
2025-10-15 12:14:22,644 - INFO - 🎵 Spotify credentials loaded: True
2025-10-15 12:14:22,644 - INFO - 🎧 Fetching music for mood: confident
2025-10-15 12:14:23,246 - INFO - ✅ YouTube results for mood 'confident': 5 items.
2025-10-15 12:14:23,469 - INFO - ✅ Spotify token retrieved successfully.
2025-10-15 12:14:24,184 - ERROR - ❌ Spotify API error: Traceback (most recent call last):
  File "/home/nexus/projects/tradevibe-org/insight_engine/music_recommender_v3.py", line 85, in search_spotify
    {"name": p["name"], "url": p["external_urls"]["spotify"]}
             ~^^^^^^^^
TypeError: 'NoneType' object is not subscriptable

2025-10-15 12:14:24,185 - INFO - 💾 Saved playlist to: /home/nexus/projects/tradevibe-org/insight_engine/output/daily_vibes/music_confident_2025-10-15.json
2025-10-15 12:14:24,185 - INFO - ✅ Music recommender completed successfully.
2025-10-15 12:20:51,605 - INFO - 🎵 YouTube key loaded: True
2025-10-15 12:20:51,605 - INFO - 🎵 Spotify credentials loaded: True
2025-10-15 12:20:51,605 - INFO - 🎧 Fetching music for mood: focused
2025-10-15 12:20:52,303 - INFO - ✅ YouTube results for mood 'focused': 5 items.
2025-10-15 12:20:52,605 - INFO - ✅ Spotify token retrieved successfully.
2025-10-15 12:20:53,114 - INFO - Spotify raw response: {
  "playlists": {
    "href": "https://api.spotify.com/v1/search?offset=0&limit=5&query=focused%20trading&type=playlist",
    "limit": 5,
    "next": "https://api.spotify.com/v1/search?offset=5&limit=5&query=focused%20trading&type=playlist",
    "offset": 0,
    "previous": null,
    "total": 1000,
    "items": [
      {
        "collaborative": false,
        "description": "Soft piano and quiet instrumentals for deep focus, studying, reading in bed, or a peaceful rainy day. Relax with calming classical pieces, perfect for work, study, or sleep.",
        "external_urls": {
          "spotify": "https://open.spotify.com/playlist/4Qxy1JjPBbohRQIlMj6xBA"
        },
        "href": "https://api.spotify.com/v1/playlists/4Qxy1JjPBbohRQIlMj6xBA",
        "id": "4Qxy1JjPBbohRQIlMj6xBA",
        "images": [
          {
            "height": null,
            "url": "https://image-cdn-fa.spotifycdn.com/image/ab67706c0000da847db93bc72437eca2a49cc011",
            "width": null
          }
    
2025-10-15 12:20:53,115 - INFO - 💾 Saved playlist to: /home/nexus/projects/tradevibe-org/insight_engine/output/daily_vibes/music_focused_2025-10-15.json
2025-10-15 12:20:53,115 - INFO - ✅ Music recommender completed successfully.
2025-10-16 08:25:42,985 - INFO - 🎵 YouTube key loaded: True
2025-10-16 08:25:42,985 - INFO - 🎵 Spotify credentials loaded: True
2025-10-16 08:25:42,985 - INFO - 🎧 Fetching music for mood: happy
2025-10-16 08:25:43,654 - INFO - ✅ YouTube results for mood 'happy': 5 items.
2025-10-16 08:25:43,940 - INFO - ✅ Spotify token retrieved successfully.
2025-10-16 08:25:44,582 - INFO - Spotify raw response: {
  "playlists": {
    "href": "https://api.spotify.com/v1/search?offset=0&limit=5&query=happy%20trading&type=playlist",
    "limit": 5,
    "next": "https://api.spotify.com/v1/search?offset=5&limit=5&query=happy%20trading&type=playlist",
    "offset": 0,
    "previous": null,
    "total": 743,
    "items": [
      {
        "collaborative": false,
        "description": "",
        "external_urls": {
          "spotify": "https://open.spotify.com/playlist/2z108SgR8es1N3UGjMpka7"
        },
        "href": "https://api.spotify.com/v1/playlists/2z108SgR8es1N3UGjMpka7",
        "id": "2z108SgR8es1N3UGjMpka7",
        "images": [
          {
            "height": 640,
            "url": "https://mosaic.scdn.co/640/ab67616d00001e0213670f209a9a9a7876c315e1ab67616d00001e0225690b825d3912a4fd6f7ba9ab67616d00001e023505d49ae36637336e3d597cab67616d00001e02e927293789d8efdbe85ae74a",
            "width": 640
          },
          {
            "height": 300,
            "url": "https://mosaic.scdn
2025-10-16 08:25:44,582 - ERROR - ⚠️ Skipped invalid playlist: 'NoneType' object has no attribute 'get'
2025-10-16 08:25:44,583 - INFO - 💾 Saved playlist to: /home/nexus/projects/tradevibe-org/insight_engine/output/daily_vibes/music_happy_2025-10-16.json
2025-10-16 08:25:44,583 - INFO - ✅ Music recommender completed successfully.
